Added Component: Designator=C1(0603_C)
Added Component: Designator=C2(0805_c)
Added Component: Designator=C3(0603_C)
Added Component: Designator=C4(0603_C)
Added Component: Designator=C5(0603_C)
Added Component: Designator=C6(0603_C)
Added Component: Designator=C7(0805_c)
Added Component: Designator=C8(0603_C)
Added Component: Designator=C9(0603_C)
Added Component: Designator=C10(0603_C)
Added Component: Designator=C11(0805_c)
Added Component: Designator=C12(0603_C)
Added Component: Designator=C13(0603_C)
Added Component: Designator=C14(0805_c)
Added Component: Designator=C15(0805_c)
Added Component: Designator=JP1(header2X8)
Added Component: Designator=JP2(header2X8)
Added Component: Designator=JP3(OLED_6Pin)
Added Component: Designator=JP4(header3)
Added Component: Designator=JP5(header4)
Added Component: Designator=LED1(CLED1608-0603)
Added Component: Designator=R1(0805_r)
Added Component: Designator=R2(0805_r)
Added Component: Designator=R3(0805_r)
Added Component: Designator=R4(0805_r)
Added Component: Designator=R5(0805_r)
Added Component: Designator=R6(0603_R)
Added Component: Designator=S1(5 way switch)
Added Component: Designator=S2(SWITCH 4*4)
Added Component: Designator=U1(SOIC-16)
Added Component: Designator=U2(LQFP48)
Added Component: Designator=U3(SOT95P280X120-3N)
Added Component: Designator=USB1(USB_Mini2)
Added Component: Designator=Y1(3213 3Pin)
Added Component: Designator=Y2(XTAL_32)
Added Component: Designator=Y3(5032 2Pin)
Added Pin To Net: NetName=3V3 Pin=C6-2
Added Pin To Net: NetName=3V3 Pin=C7-2
Added Pin To Net: NetName=3V3 Pin=C8-2
Added Pin To Net: NetName=3V3 Pin=C9-2
Added Pin To Net: NetName=3V3 Pin=C10-2
Added Pin To Net: NetName=3V3 Pin=JP3-2
Added Pin To Net: NetName=3V3 Pin=JP4-2
Added Pin To Net: NetName=3V3 Pin=JP5-1
Added Pin To Net: NetName=3V3 Pin=LED1-1
Added Pin To Net: NetName=3V3 Pin=R1-1
Added Pin To Net: NetName=3V3 Pin=R4-1
Added Pin To Net: NetName=3V3 Pin=U2-1
Added Pin To Net: NetName=3V3 Pin=U2-24
Added Pin To Net: NetName=3V3 Pin=U2-36
Added Pin To Net: NetName=3V3 Pin=U2-48
Added Pin To Net: NetName=3V3 Pin=U3-2
Added Net: Name=3V3
Added Pin To Net: NetName=BOOT0 Pin=R2-2
Added Pin To Net: NetName=BOOT0 Pin=U2-44
Added Net: Name=BOOT0
Added Pin To Net: NetName=BOOT1 Pin=R3-2
Added Pin To Net: NetName=BOOT1 Pin=U2-20
Added Net: Name=BOOT1
Added Pin To Net: NetName=CH340 D+ Pin=U1-5
Added Pin To Net: NetName=CH340 D+ Pin=USB1-3
Added Net: Name=CH340 D+
Added Pin To Net: NetName=CH340 D- Pin=U1-6
Added Pin To Net: NetName=CH340 D- Pin=USB1-2
Added Net: Name=CH340 D-
Added Pin To Net: NetName=CH340 RXD Pin=JP2-3
Added Pin To Net: NetName=CH340 RXD Pin=U1-2
Added Pin To Net: NetName=CH340 RXD Pin=U2-31
Added Net: Name=CH340 RXD
Added Pin To Net: NetName=CH340 TXD Pin=JP2-2
Added Pin To Net: NetName=CH340 TXD Pin=U1-3
Added Pin To Net: NetName=CH340 TXD Pin=U2-30
Added Net: Name=CH340 TXD
Added Pin To Net: NetName=GND Pin=C1-1
Added Pin To Net: NetName=GND Pin=C2-1
Added Pin To Net: NetName=GND Pin=C3-2
Added Pin To Net: NetName=GND Pin=C5-1
Added Pin To Net: NetName=GND Pin=C6-1
Added Pin To Net: NetName=GND Pin=C7-1
Added Pin To Net: NetName=GND Pin=C8-1
Added Pin To Net: NetName=GND Pin=C9-1
Added Pin To Net: NetName=GND Pin=C10-1
Added Pin To Net: NetName=GND Pin=C11-1
Added Pin To Net: NetName=GND Pin=C12-1
Added Pin To Net: NetName=GND Pin=C13-1
Added Pin To Net: NetName=GND Pin=C14-1
Added Pin To Net: NetName=GND Pin=C15-1
Added Pin To Net: NetName=GND Pin=JP3-1
Added Pin To Net: NetName=GND Pin=JP4-1
Added Pin To Net: NetName=GND Pin=JP5-4
Added Pin To Net: NetName=GND Pin=R2-1
Added Pin To Net: NetName=GND Pin=R3-1
Added Pin To Net: NetName=GND Pin=R5-2
Added Pin To Net: NetName=GND Pin=R6-1
Added Pin To Net: NetName=GND Pin=S1-5
Added Pin To Net: NetName=GND Pin=S2-1
Added Pin To Net: NetName=GND Pin=S2-1
Added Pin To Net: NetName=GND Pin=U1-1
Added Pin To Net: NetName=GND Pin=U2-23
Added Pin To Net: NetName=GND Pin=U2-35
Added Pin To Net: NetName=GND Pin=U2-47
Added Pin To Net: NetName=GND Pin=U3-1
Added Pin To Net: NetName=GND Pin=USB1-5
Added Pin To Net: NetName=GND Pin=Y1-2
Added Net: Name=GND
Added Pin To Net: NetName=KEY_1 Pin=S1-1
Added Net: Name=KEY_1
Added Pin To Net: NetName=KEY_2 Pin=S1-2
Added Net: Name=KEY_2
Added Pin To Net: NetName=KEY_3 Pin=S1-3
Added Net: Name=KEY_3
Added Pin To Net: NetName=KEY_4 Pin=S1-4
Added Net: Name=KEY_4
Added Pin To Net: NetName=KEY_5 Pin=S1-6
Added Net: Name=KEY_5
Added Pin To Net: NetName=NetC1_2 Pin=C1-2
Added Pin To Net: NetName=NetC1_2 Pin=U1-4
Added Net: Name=NetC1_2
Added Pin To Net: NetName=NetLED1_2 Pin=LED1-2
Added Pin To Net: NetName=NetLED1_2 Pin=R6-2
Added Net: Name=NetLED1_2
Added Pin To Net: NetName=NetU1_7 Pin=U1-7
Added Pin To Net: NetName=NetU1_7 Pin=Y1-3
Added Net: Name=NetU1_7
Added Pin To Net: NetName=NetU1_8 Pin=U1-8
Added Pin To Net: NetName=NetU1_8 Pin=Y1-1
Added Net: Name=NetU1_8
Added Pin To Net: NetName=OLED_D/C Pin=JP3-6
Added Net: Name=OLED_D/C
Added Pin To Net: NetName=OLED_DI Pin=JP3-4
Added Net: Name=OLED_DI
Added Pin To Net: NetName=OLED_DO Pin=JP3-3
Added Net: Name=OLED_DO
Added Pin To Net: NetName=OLED_RST Pin=JP3-5
Added Net: Name=OLED_RST
Added Pin To Net: NetName=OSC32_IN Pin=C14-2
Added Pin To Net: NetName=OSC32_IN Pin=JP2-15
Added Pin To Net: NetName=OSC32_IN Pin=U2-3
Added Pin To Net: NetName=OSC32_IN Pin=Y2-2
Added Net: Name=OSC32_IN
Added Pin To Net: NetName=OSC32_OUT Pin=C15-2
Added Pin To Net: NetName=OSC32_OUT Pin=JP2-16
Added Pin To Net: NetName=OSC32_OUT Pin=U2-4
Added Pin To Net: NetName=OSC32_OUT Pin=Y2-1
Added Net: Name=OSC32_OUT
Added Pin To Net: NetName=OSC_IN Pin=C12-2
Added Pin To Net: NetName=OSC_IN Pin=U2-5
Added Pin To Net: NetName=OSC_IN Pin=Y3-1
Added Net: Name=OSC_IN
Added Pin To Net: NetName=OSC_OUT Pin=C13-2
Added Pin To Net: NetName=OSC_OUT Pin=U2-6
Added Pin To Net: NetName=OSC_OUT Pin=Y3-2
Added Net: Name=OSC_OUT
Added Pin To Net: NetName=PTA0 Pin=JP1-1
Added Pin To Net: NetName=PTA0 Pin=U2-10
Added Net: Name=PTA0
Added Pin To Net: NetName=PTA1 Pin=JP1-2
Added Pin To Net: NetName=PTA1 Pin=U2-11
Added Net: Name=PTA1
Added Pin To Net: NetName=PTA2 Pin=JP1-3
Added Pin To Net: NetName=PTA2 Pin=U2-12
Added Net: Name=PTA2
Added Pin To Net: NetName=PTA3 Pin=JP1-4
Added Pin To Net: NetName=PTA3 Pin=U2-13
Added Net: Name=PTA3
Added Pin To Net: NetName=PTA4 Pin=JP1-5
Added Pin To Net: NetName=PTA4 Pin=U2-14
Added Net: Name=PTA4
Added Pin To Net: NetName=PTA5 Pin=JP1-6
Added Pin To Net: NetName=PTA5 Pin=U2-15
Added Net: Name=PTA5
Added Pin To Net: NetName=PTA6 Pin=JP1-7
Added Pin To Net: NetName=PTA6 Pin=U2-16
Added Net: Name=PTA6
Added Pin To Net: NetName=PTA7 Pin=JP1-8
Added Pin To Net: NetName=PTA7 Pin=U2-17
Added Net: Name=PTA7
Added Pin To Net: NetName=PTA8 Pin=JP2-1
Added Pin To Net: NetName=PTA8 Pin=U2-29
Added Net: Name=PTA8
Added Pin To Net: NetName=PTA11 Pin=JP2-4
Added Pin To Net: NetName=PTA11 Pin=U2-32
Added Net: Name=PTA11
Added Pin To Net: NetName=PTA12 Pin=JP2-5
Added Pin To Net: NetName=PTA12 Pin=U2-33
Added Net: Name=PTA12
Added Pin To Net: NetName=PTA13 Pin=JP5-2
Added Pin To Net: NetName=PTA13 Pin=U2-34
Added Net: Name=PTA13
Added Pin To Net: NetName=PTA14 Pin=JP5-3
Added Pin To Net: NetName=PTA14 Pin=U2-37
Added Net: Name=PTA14
Added Pin To Net: NetName=PTA15 Pin=JP2-6
Added Pin To Net: NetName=PTA15 Pin=U2-38
Added Net: Name=PTA15
Added Pin To Net: NetName=PTB0 Pin=JP1-9
Added Pin To Net: NetName=PTB0 Pin=U2-18
Added Net: Name=PTB0
Added Pin To Net: NetName=PTB1 Pin=JP1-10
Added Pin To Net: NetName=PTB1 Pin=U2-19
Added Net: Name=PTB1
Added Pin To Net: NetName=PTB3 Pin=JP2-7
Added Pin To Net: NetName=PTB3 Pin=U2-39
Added Net: Name=PTB3
Added Pin To Net: NetName=PTB4 Pin=JP2-8
Added Pin To Net: NetName=PTB4 Pin=U2-40
Added Net: Name=PTB4
Added Pin To Net: NetName=PTB5 Pin=JP2-9
Added Pin To Net: NetName=PTB5 Pin=U2-41
Added Net: Name=PTB5
Added Pin To Net: NetName=PTB6 Pin=JP2-10
Added Pin To Net: NetName=PTB6 Pin=U2-42
Added Net: Name=PTB6
Added Pin To Net: NetName=PTB7 Pin=JP2-11
Added Pin To Net: NetName=PTB7 Pin=U2-43
Added Net: Name=PTB7
Added Pin To Net: NetName=PTB8 Pin=JP2-12
Added Pin To Net: NetName=PTB8 Pin=U2-45
Added Net: Name=PTB8
Added Pin To Net: NetName=PTB9 Pin=JP2-13
Added Pin To Net: NetName=PTB9 Pin=U2-46
Added Net: Name=PTB9
Added Pin To Net: NetName=PTB10 Pin=JP1-11
Added Pin To Net: NetName=PTB10 Pin=U2-21
Added Net: Name=PTB10
Added Pin To Net: NetName=PTB11 Pin=JP1-12
Added Pin To Net: NetName=PTB11 Pin=U2-22
Added Net: Name=PTB11
Added Pin To Net: NetName=PTB12 Pin=JP1-13
Added Pin To Net: NetName=PTB12 Pin=U2-25
Added Net: Name=PTB12
Added Pin To Net: NetName=PTB13 Pin=JP1-14
Added Pin To Net: NetName=PTB13 Pin=U2-26
Added Net: Name=PTB13
Added Pin To Net: NetName=PTB14 Pin=JP1-15
Added Pin To Net: NetName=PTB14 Pin=U2-27
Added Net: Name=PTB14
Added Pin To Net: NetName=PTB15 Pin=JP1-16
Added Pin To Net: NetName=PTB15 Pin=U2-28
Added Net: Name=PTB15
Added Pin To Net: NetName=PTC13 Pin=JP2-14
Added Pin To Net: NetName=PTC13 Pin=U2-2
Added Net: Name=PTC13
Added Pin To Net: NetName=RESET Pin=C11-2
Added Pin To Net: NetName=RESET Pin=R1-2
Added Pin To Net: NetName=RESET Pin=S2-2
Added Pin To Net: NetName=RESET Pin=S2-2
Added Pin To Net: NetName=RESET Pin=U2-7
Added Net: Name=RESET
Added Pin To Net: NetName=VBUS Pin=C2-2
Added Pin To Net: NetName=VBUS Pin=C3-1
Added Pin To Net: NetName=VBUS Pin=C5-2
Added Pin To Net: NetName=VBUS Pin=JP4-3
Added Pin To Net: NetName=VBUS Pin=U1-16
Added Pin To Net: NetName=VBUS Pin=U3-3
Added Pin To Net: NetName=VBUS Pin=USB1-1
Added Net: Name=VBUS
Added Pin To Net: NetName=VDDA Pin=C4-2
Added Pin To Net: NetName=VDDA Pin=R4-2
Added Net: Name=VDDA
Added Pin To Net: NetName=VSSA Pin=C4-1
Added Pin To Net: NetName=VSSA Pin=R5-1
Added Pin To Net: NetName=VSSA Pin=U2-8
Added Net: Name=VSSA
Added Class: Name=stm32c8t6
Added Room: Name=stm32c8t6
